# JRE version: Java(TM) SE Runtime Environment (21.0.8+12) (build 21.0.8+12-LTS-250)
# Java VM: Java HotSpot(TM) 64-Bit Server VM (21.0.8+12-LTS-250, mixed mode, sharing, tiered, compressed oops, compressed class ptrs, g1 gc, windows-amd64)
GC Precious Log:
 CardTable entry size: 512
 Card Set container configuration: InlinePtr #cards 4 size 8 Array Of Cards #cards 16 size 48 Howl #buckets 8 coarsen threshold 3686 Howl Bitmap #cards 512 size 80 coarsen threshold 460 Card regions per heap region 1 cards per card region 4096
 CPUs: 8 total, 8 available
 Memory: 16108M
 Large Page Support: Disabled
 NUMA Support: Disabled
 Compressed Oops: Enabled (Zero based)
 Heap Region Size: 2M
 Heap Min Capacity: 8M
 Heap Initial Capacity: 252M
 Heap Max Capacity: 4028M
 Pre-touch: Disabled
 Parallel Workers: 8
 Concurrent Workers: 2
 Concurrent Refinement Workers: 8
 Periodic GC: Disabled
Heap:
 garbage-first heap   total 49152K, used 23446K [0x0000000704400000, 0x0000000800000000)
  region size 2048K, 3 young (6144K), 2 survivors (4096K)
 Metaspace       used 44631K, committed 45248K, reserved 1114112K
  class space    used 5910K, committed 6208K, reserved 1048576K
GC Heap History (18 events):
Event: 1.165 GC heap before
{Heap before GC invocations=0 (full 0):
 garbage-first heap   total 258048K, used 20480K [0x0000000704400000, 0x0000000800000000)
  region size 2048K, 11 young (22528K), 0 survivors (0K)
 Metaspace       used 7664K, committed 7936K, reserved 1114112K
  class space    used 785K, committed 896K, reserved 1048576K
}
Event: 1.172 GC heap after
{Heap after GC invocations=1 (full 0):
 garbage-first heap   total 258048K, used 8405K [0x0000000704400000, 0x0000000800000000)
  region size 2048K, 2 young (4096K), 2 survivors (4096K)
 Metaspace       used 7664K, committed 7936K, reserved 1114112K
  class space    used 785K, committed 896K, reserved 1048576K
}
Event: 2.172 GC heap before
{Heap before GC invocations=1 (full 0):
 garbage-first heap   total 258048K, used 32981K [0x0000000704400000, 0x0000000800000000)
  region size 2048K, 14 young (28672K), 2 survivors (4096K)
 Metaspace       used 14269K, committed 14720K, reserved 1114112K
  class space    used 1727K, committed 1920K, reserved 1048576K
}
Event: 2.178 GC heap after
{Heap after GC invocations=2 (full 0):
 garbage-first heap   total 258048K, used 10567K [0x0000000704400000, 0x0000000800000000)
  region size 2048K, 2 young (4096K), 2 survivors (4096K)
 Metaspace       used 14269K, committed 14720K, reserved 1114112K
  class space    used 1727K, committed 1920K, reserved 1048576K
}
Event: 2.694 GC heap before
{Heap before GC invocations=2 (full 0):
 garbage-first heap   total 258048K, used 33095K [0x0000000704400000, 0x0000000800000000)
  region size 2048K, 15 young (30720K), 2 survivors (4096K)
 Metaspace       used 21025K, committed 21504K, reserved 1114112K
  class space    used 2561K, committed 2816K, reserved 1048576K
}
Event: 2.699 GC heap after
{Heap after GC invocations=3 (full 0):
 garbage-first heap   total 258048K, used 12284K [0x0000000704400000, 0x0000000800000000)
  region size 2048K, 2 young (4096K), 2 survivors (4096K)
 Metaspace       used 21025K, committed 21504K, reserved 1114112K
  class space    used 2561K, committed 2816K, reserved 1048576K
}
Event: 3.373 GC heap before
{Heap before GC invocations=4 (full 0):
 garbage-first heap   total 49152K, used 36860K [0x0000000704400000, 0x0000000800000000)
  region size 2048K, 14 young (28672K), 2 survivors (4096K)
 Metaspace       used 24150K, committed 24640K, reserved 1114112K
  class space    used 2897K, committed 3136K, reserved 1048576K
}
Event: 3.379 GC heap after
{Heap after GC invocations=5 (full 0):
 garbage-first heap   total 49152K, used 14448K [0x0000000704400000, 0x0000000800000000)
  region size 2048K, 2 young (4096K), 2 survivors (4096K)
 Metaspace       used 24150K, committed 24640K, reserved 1114112K
  class space    used 2897K, committed 3136K, reserved 1048576K
}
Event: 4.117 GC heap before
{Heap before GC invocations=5 (full 0):
 garbage-first heap   total 49152K, used 30832K [0x0000000704400000, 0x0000000800000000)
  region size 2048K, 11 young (22528K), 2 survivors (4096K)
 Metaspace       used 26781K, committed 27264K, reserved 1114112K
  class space    used 3234K, committed 3456K, reserved 1048576K
}
Event: 4.124 GC heap after
{Heap after GC invocations=6 (full 0):
 garbage-first heap   total 49152K, used 16069K [0x0000000704400000, 0x0000000800000000)
  region size 2048K, 1 young (2048K), 1 survivors (2048K)
 Metaspace       used 26781K, committed 27264K, reserved 1114112K
  class space    used 3234K, committed 3456K, reserved 1048576K
}
Event: 4.892 GC heap before
{Heap before GC invocations=6 (full 0):
 garbage-first heap   total 49152K, used 36549K [0x0000000704400000, 0x0000000800000000)
  region size 2048K, 11 young (22528K), 1 survivors (2048K)
 Metaspace       used 30659K, committed 31232K, reserved 1114112K
  class space    used 3762K, committed 4032K, reserved 1048576K
}
Event: 4.898 GC heap after
{Heap after GC invocations=7 (full 0):
 garbage-first heap   total 49152K, used 18140K [0x0000000704400000, 0x0000000800000000)
  region size 2048K, 2 young (4096K), 2 survivors (4096K)
 Metaspace       used 30659K, committed 31232K, reserved 1114112K
  class space    used 3762K, committed 4032K, reserved 1048576K
}
Event: 5.473 GC heap before
{Heap before GC invocations=7 (full 0):
 garbage-first heap   total 49152K, used 36572K [0x0000000704400000, 0x0000000800000000)
  region size 2048K, 12 young (24576K), 2 survivors (4096K)
 Metaspace       used 34636K, committed 35264K, reserved 1114112K
  class space    used 4310K, committed 4608K, reserved 1048576K
}
Event: 5.480 GC heap after
{Heap after GC invocations=8 (full 0):
 garbage-first heap   total 49152K, used 20427K [0x0000000704400000, 0x0000000800000000)
  region size 2048K, 2 young (4096K), 2 survivors (4096K)
 Metaspace       used 34636K, committed 35264K, reserved 1114112K
  class space    used 4310K, committed 4608K, reserved 1048576K
}
Event: 5.532 GC heap before
{Heap before GC invocations=8 (full 0):
 garbage-first heap   total 49152K, used 22475K [0x0000000704400000, 0x0000000800000000)
  region size 2048K, 4 young (8192K), 2 survivors (4096K)
 Metaspace       used 35313K, committed 35968K, reserved 1114112K
  class space    used 4399K, committed 4672K, reserved 1048576K
}
Event: 5.536 GC heap after
{Heap after GC invocations=9 (full 0):
 garbage-first heap   total 49152K, used 20482K [0x0000000704400000, 0x0000000800000000)
  region size 2048K, 1 young (2048K), 1 survivors (2048K)
 Metaspace       used 35313K, committed 35968K, reserved 1114112K
  class space    used 4399K, committed 4672K, reserved 1048576K
}
Event: 5.925 GC heap before
{Heap before GC invocations=10 (full 0):
 garbage-first heap   total 49152K, used 38914K [0x0000000704400000, 0x0000000800000000)
  region size 2048K, 10 young (20480K), 1 survivors (2048K)
 Metaspace       used 39422K, committed 40128K, reserved 1114112K
  class space    used 5189K, committed 5504K, reserved 1048576K
}
Event: 5.928 GC heap after
{Heap after GC invocations=11 (full 0):
 garbage-first heap   total 49152K, used 21783K [0x0000000704400000, 0x0000000800000000)
  region size 2048K, 1 young (2048K), 1 survivors (2048K)
 Metaspace       used 39422K, committed 40128K, reserved 1114112K
  class space    used 5189K, committed 5504K, reserved 1048576K
}

