# JRE version: Java(TM) SE Runtime Environment (21.0.8+12) (build 21.0.8+12-LTS-250)
# Java VM: Java HotSpot(TM) 64-Bit Server VM (21.0.8+12-LTS-250, mixed mode, sharing, tiered, compressed oops, compressed class ptrs, g1 gc, windows-amd64)
GC Precious Log:
 CardTable entry size: 512
 Card Set container configuration: InlinePtr #cards 4 size 8 Array Of Cards #cards 16 size 48 Howl #buckets 8 coarsen threshold 3686 Howl Bitmap #cards 512 size 80 coarsen threshold 460 Card regions per heap region 1 cards per card region 4096
 CPUs: 8 total, 8 available
 Memory: 16108M
 Large Page Support: Disabled
 NUMA Support: Disabled
 Compressed Oops: Enabled (Zero based)
 Heap Region Size: 2M
 Heap Min Capacity: 8M
 Heap Initial Capacity: 252M
 Heap Max Capacity: 4028M
 Pre-touch: Disabled
 Parallel Workers: 8
 Concurrent Workers: 2
 Concurrent Refinement Workers: 8
 Periodic GC: Disabled
Heap:
 garbage-first heap   total 61440K, used 20219K [0x0000000704400000, 0x0000000800000000)
  region size 2048K, 2 young (4096K), 1 survivors (2048K)
 Metaspace       used 35810K, committed 36416K, reserved 1114112K
  class space    used 4705K, committed 4992K, reserved 1048576K
GC Heap History (12 events):
Event: 0.706 GC heap before
{Heap before GC invocations=0 (full 0):
 garbage-first heap   total 258048K, used 20480K [0x0000000704400000, 0x0000000800000000)
  region size 2048K, 11 young (22528K), 0 survivors (0K)
 Metaspace       used 5678K, committed 5888K, reserved 1114112K
  class space    used 644K, committed 704K, reserved 1048576K
}
Event: 0.710 GC heap after
{Heap after GC invocations=1 (full 0):
 garbage-first heap   total 258048K, used 7361K [0x0000000704400000, 0x0000000800000000)
  region size 2048K, 2 young (4096K), 2 survivors (4096K)
 Metaspace       used 5678K, committed 5888K, reserved 1114112K
  class space    used 644K, committed 704K, reserved 1048576K
}
Event: 1.244 GC heap before
{Heap before GC invocations=1 (full 0):
 garbage-first heap   total 258048K, used 29889K [0x0000000704400000, 0x0000000800000000)
  region size 2048K, 14 young (28672K), 2 survivors (4096K)
 Metaspace       used 12501K, committed 12864K, reserved 1114112K
  class space    used 1527K, committed 1728K, reserved 1048576K
}
Event: 1.249 GC heap after
{Heap after GC invocations=2 (full 0):
 garbage-first heap   total 258048K, used 10092K [0x0000000704400000, 0x0000000800000000)
  region size 2048K, 2 young (4096K), 2 survivors (4096K)
 Metaspace       used 12501K, committed 12864K, reserved 1114112K
  class space    used 1527K, committed 1728K, reserved 1048576K
}
Event: 2.634 GC heap before
{Heap before GC invocations=2 (full 0):
 garbage-first heap   total 258048K, used 53100K [0x0000000704400000, 0x0000000800000000)
  region size 2048K, 25 young (51200K), 2 survivors (4096K)
 Metaspace       used 21138K, committed 21504K, reserved 1114112K
  class space    used 2551K, committed 2752K, reserved 1048576K
}
Event: 2.647 GC heap after
{Heap after GC invocations=3 (full 0):
 garbage-first heap   total 258048K, used 14079K [0x0000000704400000, 0x0000000800000000)
  region size 2048K, 4 young (8192K), 4 survivors (8192K)
 Metaspace       used 21138K, committed 21504K, reserved 1114112K
  class space    used 2551K, committed 2752K, reserved 1048576K
}
Event: 4.201 GC heap before
{Heap before GC invocations=4 (full 0):
 garbage-first heap   total 61440K, used 42751K [0x0000000704400000, 0x0000000800000000)
  region size 2048K, 18 young (36864K), 4 survivors (8192K)
 Metaspace       used 26210K, committed 26688K, reserved 1114112K
  class space    used 3255K, committed 3456K, reserved 1048576K
}
Event: 4.213 GC heap after
{Heap after GC invocations=5 (full 0):
 garbage-first heap   total 61440K, used 16346K [0x0000000704400000, 0x0000000800000000)
  region size 2048K, 2 young (4096K), 2 survivors (4096K)
 Metaspace       used 26210K, committed 26688K, reserved 1114112K
  class space    used 3255K, committed 3456K, reserved 1048576K
}
Event: 5.644 GC heap before
{Heap before GC invocations=5 (full 0):
 garbage-first heap   total 61440K, used 42970K [0x0000000704400000, 0x0000000800000000)
  region size 2048K, 15 young (30720K), 2 survivors (4096K)
 Metaspace       used 32090K, committed 32640K, reserved 1114112K
  class space    used 4035K, committed 4288K, reserved 1048576K
}
Event: 5.659 GC heap after
{Heap after GC invocations=6 (full 0):
 garbage-first heap   total 61440K, used 18960K [0x0000000704400000, 0x0000000800000000)
  region size 2048K, 2 young (4096K), 2 survivors (4096K)
 Metaspace       used 32090K, committed 32640K, reserved 1114112K
  class space    used 4035K, committed 4288K, reserved 1048576K
}
Event: 6.174 GC heap before
{Heap before GC invocations=6 (full 0):
 garbage-first heap   total 61440K, used 31248K [0x0000000704400000, 0x0000000800000000)
  region size 2048K, 9 young (18432K), 2 survivors (4096K)
 Metaspace       used 35544K, committed 36096K, reserved 1114112K
  class space    used 4636K, committed 4864K, reserved 1048576K
}
Event: 6.184 GC heap after
{Heap after GC invocations=7 (full 0):
 garbage-first heap   total 61440K, used 20219K [0x0000000704400000, 0x0000000800000000)
  region size 2048K, 1 young (2048K), 1 survivors (2048K)
 Metaspace       used 35544K, committed 36096K, reserved 1114112K
  class space    used 4636K, committed 4864K, reserved 1048576K
}

