# JRE version: Java(TM) SE Runtime Environment (21.0.8+12) (build 21.0.8+12-LTS-250)
# Java VM: Java HotSpot(TM) 64-Bit Server VM (21.0.8+12-LTS-250, mixed mode, sharing, tiered, compressed oops, compressed class ptrs, g1 gc, windows-amd64)
GC Precious Log:
 CardTable entry size: 512
 Card Set container configuration: InlinePtr #cards 4 size 8 Array Of Cards #cards 16 size 48 Howl #buckets 8 coarsen threshold 3686 Howl Bitmap #cards 512 size 80 coarsen threshold 460 Card regions per heap region 1 cards per card region 4096
 CPUs: 8 total, 8 available
 Memory: 16108M
 Large Page Support: Disabled
 NUMA Support: Disabled
 Compressed Oops: Enabled (Zero based)
 Heap Region Size: 2M
 Heap Min Capacity: 8M
 Heap Initial Capacity: 252M
 Heap Max Capacity: 4028M
 Pre-touch: Disabled
 Parallel Workers: 8
 Concurrent Workers: 2
 Concurrent Refinement Workers: 8
 Periodic GC: Disabled
Heap:
 garbage-first heap   total 61440K, used 31284K [0x0000000704400000, 0x0000000800000000)
  region size 2048K, 7 young (14336K), 1 survivors (2048K)
 Metaspace       used 37758K, committed 38336K, reserved 1114112K
  class space    used 5058K, committed 5312K, reserved 1048576K
GC Heap History (12 events):
Event: 0.702 GC heap before
{Heap before GC invocations=0 (full 0):
 garbage-first heap   total 258048K, used 20480K [0x0000000704400000, 0x0000000800000000)
  region size 2048K, 11 young (22528K), 0 survivors (0K)
 Metaspace       used 5683K, committed 5888K, reserved 1114112K
  class space    used 645K, committed 704K, reserved 1048576K
}
Event: 0.706 GC heap after
{Heap after GC invocations=1 (full 0):
 garbage-first heap   total 258048K, used 7487K [0x0000000704400000, 0x0000000800000000)
  region size 2048K, 2 young (4096K), 2 survivors (4096K)
 Metaspace       used 5683K, committed 5888K, reserved 1114112K
  class space    used 645K, committed 704K, reserved 1048576K
}
Event: 1.183 GC heap before
{Heap before GC invocations=1 (full 0):
 garbage-first heap   total 258048K, used 30015K [0x0000000704400000, 0x0000000800000000)
  region size 2048K, 14 young (28672K), 2 survivors (4096K)
 Metaspace       used 12543K, committed 12928K, reserved 1114112K
  class space    used 1534K, committed 1728K, reserved 1048576K
}
Event: 1.187 GC heap after
{Heap after GC invocations=2 (full 0):
 garbage-first heap   total 258048K, used 10147K [0x0000000704400000, 0x0000000800000000)
  region size 2048K, 2 young (4096K), 2 survivors (4096K)
 Metaspace       used 12543K, committed 12928K, reserved 1114112K
  class space    used 1534K, committed 1728K, reserved 1048576K
}
Event: 2.012 GC heap before
{Heap before GC invocations=2 (full 0):
 garbage-first heap   total 258048K, used 53155K [0x0000000704400000, 0x0000000800000000)
  region size 2048K, 25 young (51200K), 2 survivors (4096K)
 Metaspace       used 21128K, committed 21504K, reserved 1114112K
  class space    used 2554K, committed 2752K, reserved 1048576K
}
Event: 2.018 GC heap after
{Heap after GC invocations=3 (full 0):
 garbage-first heap   total 258048K, used 14050K [0x0000000704400000, 0x0000000800000000)
  region size 2048K, 4 young (8192K), 4 survivors (8192K)
 Metaspace       used 21128K, committed 21504K, reserved 1114112K
  class space    used 2554K, committed 2752K, reserved 1048576K
}
Event: 2.750 GC heap before
{Heap before GC invocations=4 (full 0):
 garbage-first heap   total 61440K, used 42722K [0x0000000704400000, 0x0000000800000000)
  region size 2048K, 18 young (36864K), 4 survivors (8192K)
 Metaspace       used 26288K, committed 26816K, reserved 1114112K
  class space    used 3271K, committed 3520K, reserved 1048576K
}
Event: 2.757 GC heap after
{Heap after GC invocations=5 (full 0):
 garbage-first heap   total 61440K, used 16869K [0x0000000704400000, 0x0000000800000000)
  region size 2048K, 2 young (4096K), 2 survivors (4096K)
 Metaspace       used 26288K, committed 26816K, reserved 1114112K
  class space    used 3271K, committed 3520K, reserved 1048576K
}
Event: 3.404 GC heap before
{Heap before GC invocations=5 (full 0):
 garbage-first heap   total 61440K, used 43493K [0x0000000704400000, 0x0000000800000000)
  region size 2048K, 15 young (30720K), 2 survivors (4096K)
 Metaspace       used 32115K, committed 32704K, reserved 1114112K
  class space    used 4042K, committed 4288K, reserved 1048576K
}
Event: 3.411 GC heap after
{Heap after GC invocations=6 (full 0):
 garbage-first heap   total 61440K, used 19507K [0x0000000704400000, 0x0000000800000000)
  region size 2048K, 2 young (4096K), 2 survivors (4096K)
 Metaspace       used 32115K, committed 32704K, reserved 1114112K
  class space    used 4042K, committed 4288K, reserved 1048576K
}
Event: 3.638 GC heap before
{Heap before GC invocations=6 (full 0):
 garbage-first heap   total 61440K, used 29747K [0x0000000704400000, 0x0000000800000000)
  region size 2048K, 9 young (18432K), 2 survivors (4096K)
 Metaspace       used 35391K, committed 35968K, reserved 1114112K
  class space    used 4599K, committed 4864K, reserved 1048576K
}
Event: 3.643 GC heap after
{Heap after GC invocations=7 (full 0):
 garbage-first heap   total 61440K, used 21044K [0x0000000704400000, 0x0000000800000000)
  region size 2048K, 1 young (2048K), 1 survivors (2048K)
 Metaspace       used 35391K, committed 35968K, reserved 1114112K
  class space    used 4599K, committed 4864K, reserved 1048576K
}

